<?xml version="1.0" encoding="UTF-8"?>
<!-- Generated by org.testng.reporters.JUnitReportReporter -->
<testsuite hostname="LAPTOP-LNS4C3ES" failures="0" tests="4" name="testNGClass.TestNGPractice" time="0.000" errors="0" timestamp="27 Apr 2018 00:23:31 GMT" skipped="0">
  <testcase classname="testNGClass.TestNGPractice" name="div" time="0.000"/>
  <testcase classname="testNGClass.TestNGPractice" name="sum" time="0.000"/>
  <testcase classname="testNGClass.TestNGPractice" name="subtract" time="0.000"/>
  <testcase classname="testNGClass.TestNGPractice" name="multi" time="0.000"/>
</testsuite> <!-- testNGClass.TestNGPractice -->
