<?xml version="1.0" encoding="UTF-8"?>
<!-- Generated by org.testng.reporters.JUnitReportReporter -->
<testsuite hostname="LAPTOP-LNS4C3ES" failures="0" tests="2" name="testNGClass.DataProviderExercise" time="0.009" errors="0" timestamp="27 Apr 2018 01:55:56 GMT" skipped="0">
  <testcase classname="testNGClass.DataProviderExercise" name="practice" time="0.001"/>
  <testcase classname="testNGClass.DataProviderExercise" name="practice" time="0.008"/>
</testsuite> <!-- testNGClass.DataProviderExercise -->
