<?xml version="1.0" encoding="UTF-8"?>
<!-- Generated by org.testng.reporters.JUnitReportReporter -->
<testsuite hostname="LAPTOP-LNS4C3ES" failures="0" tests="2" name="testNGClass.crossBrowserTesting" time="15.837" errors="0" timestamp="28 Apr 2018 18:56:16 GMT" skipped="0">
  <testcase classname="testNGClass.crossBrowserTesting" name="verifyPage" time="6.335"/>
  <testcase classname="testNGClass.crossBrowserTesting" name="verifyPage" time="9.502"/>
</testsuite> <!-- testNGClass.crossBrowserTesting -->
