<?xml version="1.0" encoding="UTF-8"?>
<!-- Generated by org.testng.reporters.JUnitReportReporter -->
<testsuite hostname="LAPTOP-LNS4C3ES" failures="0" tests="1" name="testNGClass.testNGInClassExcercise" time="9.404" errors="0" timestamp="26 Apr 2018 23:01:41 GMT" skipped="0">
  <testcase classname="testNGClass.testNGInClassExcercise" name="OrangeHRMTest" time="9.404"/>
</testsuite> <!-- testNGClass.testNGInClassExcercise -->
