<?xml version="1.0" encoding="UTF-8"?>
<!-- Generated by org.testng.reporters.JUnitReportReporter -->
<testsuite hostname="LAPTOP-LNS4C3ES" failures="0" tests="1" name="testNGClass.Homework8" time="10.979" errors="0" timestamp="26 Apr 2018 03:43:01 GMT" skipped="0">
  <testcase classname="testNGClass.Homework8" name="amazonTest" time="10.979"/>
</testsuite> <!-- testNGClass.Homework8 -->
