<?xml version="1.0" encoding="UTF-8"?>
<!-- Generated by org.testng.reporters.JUnitReportReporter -->
<testsuite hostname="LAPTOP-LNS4C3ES" failures="0" tests="3" name="testNGClass.TestingNGInClassPracticeFour" time="0.015" errors="0" timestamp="27 Apr 2018 00:23:31 GMT" skipped="0">
  <testcase classname="testNGClass.TestingNGInClassPracticeFour" name="program2" time="0.000"/>
  <testcase classname="testNGClass.TestingNGInClassPracticeFour" name="program3" time="0.000"/>
  <testcase classname="testNGClass.TestingNGInClassPracticeFour" name="program1" time="0.015"/>
</testsuite> <!-- testNGClass.TestingNGInClassPracticeFour -->
