<?xml version="1.0" encoding="UTF-8"?>
<!-- Generated by org.testng.reporters.JUnitReportReporter -->
<testsuite hostname="LAPTOP-LNS4C3ES" failures="0" tests="4" name="TestNGPractice" time="0.016" errors="0" timestamp="24 Apr 2018 23:33:11 GMT" skipped="0">
  <testcase classname="TestNGPractice" name="multi" time="0.000"/>
  <testcase classname="TestNGPractice" name="subtract" time="0.016"/>
  <testcase classname="TestNGPractice" name="sum" time="0.000"/>
  <testcase classname="TestNGPractice" name="div" time="0.000"/>
</testsuite> <!-- TestNGPractice -->
