<?xml version="1.0" encoding="UTF-8"?>
<!-- Generated by org.testng.reporters.JUnitReportReporter -->
<testsuite hostname="LAPTOP-LNS4C3ES" failures="0" tests="1" name="testNGClass.Homework9" time="0.471" errors="0" timestamp="28 Apr 2018 15:03:08 GMT" skipped="0">
  <testcase classname="testNGClass.Homework9" name="loginWithProvider" time="0.471"/>
</testsuite> <!-- testNGClass.Homework9 -->
