<?xml version="1.0" encoding="UTF-8"?>
<!-- Generated by org.testng.reporters.JUnitReportReporter -->
<testsuite hostname="LAPTOP-LNS4C3ES" failures="0" tests="3" name="testNGClass.TestNGPracticeTwo" time="0.016" errors="0" timestamp="27 Apr 2018 00:23:31 GMT" skipped="0">
  <testcase classname="testNGClass.TestNGPracticeTwo" name="bProgram" time="0.016"/>
  <testcase classname="testNGClass.TestNGPracticeTwo" name="cProgram" time="0.000"/>
  <testcase classname="testNGClass.TestNGPracticeTwo" name="aProgram" time="0.000"/>
</testsuite> <!-- testNGClass.TestNGPracticeTwo -->
