<?xml version="1.0" encoding="UTF-8"?>
<!-- Generated by org.testng.reporters.JUnitReportReporter -->
<testsuite hostname="LAPTOP-LNS4C3ES" failures="0" tests="1" name="TestNGPracticeTwo" time="4.921" errors="0" timestamp="24 Apr 2018 23:56:06 GMT" skipped="0">
  <testcase classname="TestNGPracticeTwo" name="classNGmethod" time="4.921"/>
</testsuite> <!-- TestNGPracticeTwo -->
