<?xml version="1.0" encoding="UTF-8"?>
<!-- Generated by org.testng.reporters.JUnitReportReporter -->
<testsuite hostname="LAPTOP-LNS4C3ES" failures="0" tests="1" name="testNGClass.testNGInClassAssignment" time="7.273" errors="0" timestamp="25 Apr 2018 01:27:48 GMT" skipped="0">
  <testcase classname="testNGClass.testNGInClassAssignment" name="OrangeHRMTest" time="7.273"/>
</testsuite> <!-- testNGClass.testNGInClassAssignment -->
