<?xml version="1.0" encoding="UTF-8"?>
<!-- Generated by org.testng.reporters.JUnitReportReporter -->
<testsuite hostname="LAPTOP-LNS4C3ES" failures="0" tests="1" name="excelDataProvider.DataDriverWeb" time="0.000" errors="0" timestamp="01 May 2018 03:07:31 GMT" skipped="1">
  <testcase classname="excelDataProvider.DataDriverWeb" name="appLogin" time="0.000">
    <skipped/>
  </testcase> <!-- appLogin -->
</testsuite> <!-- excelDataProvider.DataDriverWeb -->
