<?xml version="1.0" encoding="UTF-8"?>
<!-- Generated by org.testng.reporters.JUnitReportReporter -->
<testsuite hostname="LAPTOP-LNS4C3ES" failures="0" tests="1" name="testNGClass.parameterXML" time="7.190" errors="0" timestamp="28 Apr 2018 17:14:15 GMT" skipped="0">
  <testcase classname="testNGClass.parameterXML" name="openBrowser" time="7.190"/>
</testsuite> <!-- testNGClass.parameterXML -->
