<?xml version="1.0" encoding="UTF-8"?>
<!-- Generated by org.testng.reporters.JUnitReportReporter -->
<testsuite hostname="LAPTOP-LNS4C3ES" failures="0" tests="3" name="testNGClass.AllAnnotations" time="0.000" errors="0" timestamp="26 Apr 2018 23:49:32 GMT" skipped="0">
  <testcase classname="testNGClass.AllAnnotations" name="testAnnotation3" time="0.000"/>
  <testcase classname="testNGClass.AllAnnotations" name="testAnnotation2" time="0.000"/>
  <testcase classname="testNGClass.AllAnnotations" name="testAnnotation1" time="0.000"/>
</testsuite> <!-- testNGClass.AllAnnotations -->
