<?xml version="1.0" encoding="UTF-8"?>
<!-- Generated by org.testng.reporters.JUnitReportReporter -->
<testsuite hostname="LAPTOP-LNS4C3ES" failures="0" tests="1" name="pageObjectClass.Homework9TestCase" time="9.186" errors="0" timestamp="03 May 2018 03:07:17 GMT" skipped="0">
  <testcase classname="pageObjectClass.Homework9TestCase" name="OrangeLogin" time="9.186"/>
</testsuite> <!-- pageObjectClass.Homework9TestCase -->
