<?xml version="1.0" encoding="UTF-8"?>
<!-- Generated by org.testng.reporters.JUnitReportReporter -->
<testsuite hostname="LAPTOP-LNS4C3ES" failures="0" tests="1" name="pageObjectClass.testCaseEx" time="7.958" errors="0" timestamp="02 May 2018 01:16:59 GMT" skipped="0">
  <testcase classname="pageObjectClass.testCaseEx" name="testLogin" time="7.958"/>
</testsuite> <!-- pageObjectClass.testCaseEx -->
