<?xml version="1.0" encoding="UTF-8"?>
<!-- Generated by org.testng.reporters.JUnitReportReporter -->
<testsuite hostname="LAPTOP-LNS4C3ES" failures="0" tests="1" name="pageObjectClass.pomTestcase" time="6.334" errors="0" timestamp="03 May 2018 01:38:55 GMT" skipped="0">
  <testcase classname="pageObjectClass.pomTestcase" name="Login" time="6.334"/>
</testsuite> <!-- pageObjectClass.pomTestcase -->
