<?xml version="1.0" encoding="UTF-8"?>
<!-- Generated by org.testng.reporters.JUnitReportReporter -->
<testsuite hostname="LAPTOP-LNS4C3ES" failures="0" tests="1" name="testCaseCRM.freeCRMTestCase" time="9.946" errors="0" timestamp="05 May 2018 04:20:59 GMT" skipped="0">
  <testcase classname="testCaseCRM.freeCRMTestCase" name="CRMLogin" time="9.946"/>
</testsuite> <!-- testCaseCRM.freeCRMTestCase -->
