<?xml version="1.0" encoding="UTF-8"?>
<!-- Generated by org.testng.reporters.JUnitReportReporter -->
<testsuite hostname="LAPTOP-LNS4C3ES" failures="0" tests="1" name="pageFactoryInClass.PFTestCase" time="6.364" errors="0" timestamp="02 May 2018 02:01:29 GMT" skipped="0">
  <testcase classname="pageFactoryInClass.PFTestCase" name="testLogin" time="6.364"/>
</testsuite> <!-- pageFactoryInClass.PFTestCase -->
