<?xml version="1.0" encoding="UTF-8"?>
<!-- Generated by org.testng.reporters.JUnitReportReporter -->
<testsuite hostname="LAPTOP-LNS4C3ES" failures="0" tests="1" name="com.project.MavenExample" time="7.744" errors="0" timestamp="12 May 2018 17:47:50 GMT" skipped="0">
  <testcase classname="com.project.MavenExample" name="mavenTest" time="7.744"/>
</testsuite> <!-- com.project.MavenExample -->
